<?xml version="1.0" encoding="UTF-8"?>
<testng-results total="2" passed="2" failed="0" skipped="0">
  <reporter-output>
    <line>
      <![CDATA[Shop button is verified]]>
    </line>
    <line>
      <![CDATA[MyAccountBtn is verified]]>
    </line>
    <line>
      <![CDATA[AllSiteBtn is verified]]>
    </line>
    <line>
      <![CDATA[DemoSiteBtn is verified]]>
    </line>
    <line>
      <![CDATA[AddToCartBtn is verified]]>
    </line>
  </reporter-output>
  <suite started-at="2022-12-23T08:17:09Z" name="Surefire suite" finished-at="2022-12-23T08:17:59Z" duration-ms="49699">
    <groups>
    </groups>
    <test started-at="2022-12-23T08:17:09Z" name="Surefire test" finished-at="2022-12-23T08:17:59Z" duration-ms="49699">
      <class name="Com.Maven.QA.Com.Maven.QA.Test.HomePageTest">
        <test-method is-config="true" signature="setUp()" started-at="2022-12-23T08:17:09Z" name="setUp" finished-at="2022-12-23T08:17:32Z" duration-ms="22891" status="PASS">
        </test-method>
        <test-method signature="HomePageTestig()" started-at="2022-12-23T08:17:32Z" name="HomePageTestig" finished-at="2022-12-23T08:17:59Z" duration-ms="26327" status="PASS">
        </test-method>
        <test-method is-config="true" signature="tearDown()" started-at="2022-12-23T08:17:59Z" name="tearDown" finished-at="2022-12-23T08:17:59Z" duration-ms="443" status="PASS">
        </test-method>
      </class>
      <class name="Com.Maven.QA.Com.Maven.QA.Test.JavaProramTest">
        <test-method signature="Programs()" started-at="2022-12-23T08:17:59Z" name="Programs" finished-at="2022-12-23T08:17:59Z" duration-ms="26" status="PASS">
        </test-method>
      </class>
    </test>
  </suite>
</testng-results>
