<?xml version="1.0" encoding="UTF-8"?>
<testng-results total="5" passed="5" failed="0" skipped="0">
  <reporter-output>
  </reporter-output>
  <suite started-at="2022-12-23T13:50:40Z" name="Default suite" finished-at="2022-12-23T13:50:40Z" duration-ms="94">
    <groups>
    </groups>
    <test started-at="2022-12-23T13:50:40Z" name="Default test" finished-at="2022-12-23T13:50:40Z" duration-ms="94">
      <class name="Com.Maven.QA.Com.Maven.QA.Programs.StarPatternPrograms">
        <test-method is-config="true" signature="ArrayProgmsStarted()" started-at="2022-12-23T13:50:40Z" name="ArrayProgmsStarted" finished-at="2022-12-23T13:50:40Z" duration-ms="15" status="PASS">
        </test-method>
        <test-method is-config="true" signature="NewProgramStarted()" started-at="2022-12-23T13:50:40Z" name="NewProgramStarted" finished-at="2022-12-23T13:50:40Z" duration-ms="0" status="PASS">
        </test-method>
        <test-method signature="FstarPattern()" started-at="2022-12-23T13:50:40Z" name="FstarPattern" finished-at="2022-12-23T13:50:40Z" duration-ms="14" status="PASS">
        </test-method>
        <test-method is-config="true" signature="ProgramEnded()" started-at="2022-12-23T13:50:40Z" name="ProgramEnded" finished-at="2022-12-23T13:50:40Z" duration-ms="0" status="PASS">
        </test-method>
        <test-method is-config="true" signature="NewProgramStarted()" started-at="2022-12-23T13:50:40Z" name="NewProgramStarted" finished-at="2022-12-23T13:50:40Z" duration-ms="0" status="PASS">
        </test-method>
        <test-method signature="SecondstarPattern()" started-at="2022-12-23T13:50:40Z" name="SecondstarPattern" finished-at="2022-12-23T13:50:40Z" duration-ms="5" status="PASS">
        </test-method>
        <test-method is-config="true" signature="ProgramEnded()" started-at="2022-12-23T13:50:40Z" name="ProgramEnded" finished-at="2022-12-23T13:50:40Z" duration-ms="0" status="PASS">
        </test-method>
        <test-method signature="ThirdstarPattern()" started-at="2022-12-23T13:50:40Z" name="ThirdstarPattern" finished-at="2022-12-23T13:50:40Z" duration-ms="6" status="PASS">
        </test-method>
        <test-method is-config="true" signature="NewProgramStarted()" started-at="2022-12-23T13:50:40Z" name="NewProgramStarted" finished-at="2022-12-23T13:50:40Z" duration-ms="0" status="PASS">
        </test-method>
        <test-method is-config="true" signature="NewProgramStarted()" started-at="2022-12-23T13:50:40Z" name="NewProgramStarted" finished-at="2022-12-23T13:50:40Z" duration-ms="0" status="PASS">
        </test-method>
        <test-method signature="ForthstarPattern()" started-at="2022-12-23T13:50:40Z" name="ForthstarPattern" finished-at="2022-12-23T13:50:40Z" duration-ms="16" status="PASS">
        </test-method>
        <test-method is-config="true" signature="ProgramEnded()" started-at="2022-12-23T13:50:40Z" name="ProgramEnded" finished-at="2022-12-23T13:50:40Z" duration-ms="0" status="PASS">
        </test-method>
        <test-method is-config="true" signature="ProgramEnded()" started-at="2022-12-23T13:50:40Z" name="ProgramEnded" finished-at="2022-12-23T13:50:40Z" duration-ms="1" status="PASS">
        </test-method>
        <test-method is-config="true" signature="NewProgramStarted()" started-at="2022-12-23T13:50:40Z" name="NewProgramStarted" finished-at="2022-12-23T13:50:40Z" duration-ms="0" status="PASS">
        </test-method>
        <test-method signature="SixthstarPattern()" started-at="2022-12-23T13:50:40Z" name="SixthstarPattern" finished-at="2022-12-23T13:50:40Z" duration-ms="1" status="PASS">
        </test-method>
        <test-method is-config="true" signature="ProgramEnded()" started-at="2022-12-23T13:50:40Z" name="ProgramEnded" finished-at="2022-12-23T13:50:40Z" duration-ms="1" status="PASS">
        </test-method>
        <test-method is-config="true" signature="ArrayProgmsEnded()" started-at="2022-12-23T13:50:40Z" name="ArrayProgmsEnded" finished-at="2022-12-23T13:50:40Z" duration-ms="1" status="PASS">
        </test-method>
      </class>
    </test>
  </suite>
</testng-results>
