<?xml version="1.0" encoding="UTF-8"?>
<testng-results total="2" passed="2" failed="0" skipped="0">
  <reporter-output>
    <line>
      <![CDATA[MyAccount field is verified]]>
    </line>
    <line>
      <![CDATA[username field is verified]]>
    </line>
    <line>
      <![CDATA[password field is verified]]>
    </line>
    <line>
      <![CDATA[LoginBtn field is verified]]>
    </line>
    <line>
      <![CDATA[Shop button is verified]]>
    </line>
    <line>
      <![CDATA[MyAccountBtn is verified]]>
    </line>
    <line>
      <![CDATA[AllSiteBtn is verified]]>
    </line>
    <line>
      <![CDATA[DemoSiteBtn is verified]]>
    </line>
    <line>
      <![CDATA[AddToCartBtn is verified]]>
    </line>
  </reporter-output>
  <suite started-at="2022-12-21T22:11:45Z" name="Suite" finished-at="2022-12-21T22:13:55Z" duration-ms="129326">
    <groups>
    </groups>
    <test started-at="2022-12-21T22:11:45Z" name="Test" finished-at="2022-12-21T22:13:55Z" duration-ms="129326">
      <class name="Com.Maven.QA.Com.Maven.QA.Test.HomePageTest">
        <test-method is-config="true" signature="setUp()" started-at="2022-12-21T22:12:41Z" name="setUp" finished-at="2022-12-21T22:13:04Z" duration-ms="23483" status="PASS">
        </test-method>
        <test-method signature="HomePageTestig()" started-at="2022-12-21T22:13:04Z" name="HomePageTestig" finished-at="2022-12-21T22:13:53Z" duration-ms="48819" status="PASS">
        </test-method>
        <test-method is-config="true" signature="tearDown()" started-at="2022-12-21T22:13:53Z" name="tearDown" finished-at="2022-12-21T22:13:55Z" duration-ms="1506" status="PASS">
        </test-method>
      </class>
      <class name="Com.Maven.QA.Com.Maven.QA.Test.LoginClass">
        <test-method is-config="true" signature="setUp()" started-at="2022-12-21T22:11:45Z" name="setUp" finished-at="2022-12-21T22:12:12Z" duration-ms="26605" status="PASS">
        </test-method>
        <test-method signature="LoginPageTest()" started-at="2022-12-21T22:12:12Z" name="LoginPageTest" finished-at="2022-12-21T22:12:40Z" duration-ms="28116" status="PASS">
        </test-method>
        <test-method is-config="true" signature="tearDown()" started-at="2022-12-21T22:12:40Z" name="tearDown" finished-at="2022-12-21T22:12:41Z" duration-ms="767" status="PASS">
        </test-method>
      </class>
    </test>
  </suite>
</testng-results>
